<?xml version="1.0" encoding="UTF-8"?>
<!-- Generated by org.testng.reporters.JUnitXMLReporter -->
<testsuite hostname="NGBLR-03064" ignored="4" name="Default test" tests="1" failures="0" timestamp="10 Oct 2020 05:32:10 GMT" time="5.505" errors="0">
  <testcase name="getAuth2TokenAPITest" time="5.468" classname="com.rest.api.authentication.Oauth2"/>
  <testcase name="oauth2_test" time="0.0" classname="com.rest.api.authentication.Oauth2">
    <ignored/>
  </testcase> <!-- oauth2_test -->
  <testcase name="oauth2_test_authenticationheader" time="0.0" classname="com.rest.api.authentication.Oauth2">
    <ignored/>
  </testcase> <!-- oauth2_test_authenticationheader -->
  <testcase name="oauth2_post_coop_header" time="0.0" classname="com.rest.api.authentication.Oauth2">
    <ignored/>
  </testcase> <!-- oauth2_post_coop_header -->
  <testcase name="oauth2_post_coop_oauth2" time="0.0" classname="com.rest.api.authentication.Oauth2">
    <ignored/>
  </testcase> <!-- oauth2_post_coop_oauth2 -->
</testsuite> <!-- Default test -->
