<?xml version="1.0" encoding="UTF-8"?>
<testng-results skipped="0" failed="0" ignored="4" total="5" passed="1">
  <reporter-output>
  </reporter-output>
  <suite name="Default suite" duration-ms="5505" started-at="2020-10-10T05:32:05Z" finished-at="2020-10-10T05:32:10Z">
    <groups>
    </groups>
    <test name="Default test" duration-ms="5505" started-at="2020-10-10T05:32:05Z" finished-at="2020-10-10T05:32:10Z">
      <class name="com.rest.api.authentication.Oauth2">
        <test-method status="PASS" signature="getAuth2TokenAPITest()[pri:0, instance:com.rest.api.authentication.Oauth2@6f7fd0e6]" name="getAuth2TokenAPITest" duration-ms="5468" started-at="2020-10-10T05:32:05Z" finished-at="2020-10-10T05:32:10Z">
          <reporter-output>
          </reporter-output>
        </test-method> <!-- getAuth2TokenAPITest -->
      </class> <!-- com.rest.api.authentication.Oauth2 -->
    </test> <!-- Default test -->
  </suite> <!-- Default suite -->
</testng-results>
